Nov 17 2023 14:43:57
{"type":8192,"message":"Using ${var} in strings is deprecated, use {$var} instead","file":"C:\\xampp\\htdocs\\yonweb\\wp-content\\plugins\\simply-static\\src\\class-ss-query.php","line":397}

Nov 17 2023 14:43:57
{"type":8192,"message":"Using ${var} in strings is deprecated, use {$var} instead","file":"C:\\xampp\\htdocs\\yonweb\\wp-content\\plugins\\simply-static\\src\\class-ss-query.php","line":397}

Nov 17 2023 14:43:58
{"type":8192,"message":"Using ${var} in strings is deprecated, use {$var} instead","file":"C:\\xampp\\htdocs\\yonweb\\wp-content\\plugins\\simply-static\\src\\class-ss-query.php","line":397}

Nov 17 2023 14:43:59
{"type":8192,"message":"Using ${var} in strings is deprecated, use {$var} instead","file":"C:\\xampp\\htdocs\\yonweb\\wp-content\\plugins\\simply-static\\src\\class-ss-query.php","line":397}

Nov 17 2023 14:44:00
{"type":8192,"message":"Using ${var} in strings is deprecated, use {$var} instead","file":"C:\\xampp\\htdocs\\yonweb\\wp-content\\plugins\\simply-static\\src\\class-ss-query.php","line":397}

Nov 17 2023 14:44:01
{"type":8192,"message":"Using ${var} in strings is deprecated, use {$var} instead","file":"C:\\xampp\\htdocs\\yonweb\\wp-content\\plugins\\simply-static\\src\\class-ss-query.php","line":397}

Nov 17 2023 14:44:01
{"type":8192,"message":"Using ${var} in strings is deprecated, use {$var} instead","file":"C:\\xampp\\htdocs\\yonweb\\wp-content\\plugins\\simply-static\\src\\class-ss-query.php","line":397}

Nov 17 2023 14:44:02
{"type":8192,"message":"Using ${var} in strings is deprecated, use {$var} instead","file":"C:\\xampp\\htdocs\\yonweb\\wp-content\\plugins\\simply-static\\src\\class-ss-query.php","line":397}

Nov 17 2023 14:44:03
{"type":8192,"message":"Using ${var} in strings is deprecated, use {$var} instead","file":"C:\\xampp\\htdocs\\yonweb\\wp-content\\plugins\\simply-static\\src\\class-ss-query.php","line":397}

Nov 17 2023 14:44:04
{"type":8192,"message":"Using ${var} in strings is deprecated, use {$var} instead","file":"C:\\xampp\\htdocs\\yonweb\\wp-content\\plugins\\simply-static\\src\\class-ss-query.php","line":397}

Nov 17 2023 14:44:04
{"type":8192,"message":"Using ${var} in strings is deprecated, use {$var} instead","file":"C:\\xampp\\htdocs\\yonweb\\wp-content\\plugins\\simply-static\\src\\class-ss-query.php","line":397}

Nov 17 2023 14:44:05
{"type":8192,"message":"Using ${var} in strings is deprecated, use {$var} instead","file":"C:\\xampp\\htdocs\\yonweb\\wp-content\\plugins\\simply-static\\src\\class-ss-query.php","line":397}

Nov 17 2023 14:44:06
{"type":8192,"message":"Using ${var} in strings is deprecated, use {$var} instead","file":"C:\\xampp\\htdocs\\yonweb\\wp-content\\plugins\\simply-static\\src\\class-ss-query.php","line":397}

Nov 17 2023 14:44:07
{"type":8192,"message":"Using ${var} in strings is deprecated, use {$var} instead","file":"C:\\xampp\\htdocs\\yonweb\\wp-content\\plugins\\simply-static\\src\\class-ss-query.php","line":397}

Nov 17 2023 14:44:08
{"type":8192,"message":"Using ${var} in strings is deprecated, use {$var} instead","file":"C:\\xampp\\htdocs\\yonweb\\wp-content\\plugins\\simply-static\\src\\class-ss-query.php","line":397}

Nov 17 2023 14:44:09
{"type":8192,"message":"Using ${var} in strings is deprecated, use {$var} instead","file":"C:\\xampp\\htdocs\\yonweb\\wp-content\\plugins\\simply-static\\src\\class-ss-query.php","line":397}

Nov 17 2023 14:44:09
{"type":8192,"message":"Using ${var} in strings is deprecated, use {$var} instead","file":"C:\\xampp\\htdocs\\yonweb\\wp-content\\plugins\\simply-static\\src\\class-ss-query.php","line":397}

Nov 17 2023 14:44:10
{"type":8192,"message":"Using ${var} in strings is deprecated, use {$var} instead","file":"C:\\xampp\\htdocs\\yonweb\\wp-content\\plugins\\simply-static\\src\\class-ss-query.php","line":397}

Nov 17 2023 14:44:11
{"type":8192,"message":"Using ${var} in strings is deprecated, use {$var} instead","file":"C:\\xampp\\htdocs\\yonweb\\wp-content\\plugins\\simply-static\\src\\class-ss-query.php","line":397}

Nov 17 2023 14:44:12
{"type":8192,"message":"Using ${var} in strings is deprecated, use {$var} instead","file":"C:\\xampp\\htdocs\\yonweb\\wp-content\\plugins\\simply-static\\src\\class-ss-query.php","line":397}

Nov 17 2023 14:44:12
{"type":8192,"message":"Using ${var} in strings is deprecated, use {$var} instead","file":"C:\\xampp\\htdocs\\yonweb\\wp-content\\plugins\\simply-static\\src\\class-ss-query.php","line":397}

Nov 17 2023 14:44:13
{"type":8192,"message":"Using ${var} in strings is deprecated, use {$var} instead","file":"C:\\xampp\\htdocs\\yonweb\\wp-content\\plugins\\simply-static\\src\\class-ss-query.php","line":397}

Nov 17 2023 14:44:14
{"type":8192,"message":"Using ${var} in strings is deprecated, use {$var} instead","file":"C:\\xampp\\htdocs\\yonweb\\wp-content\\plugins\\simply-static\\src\\class-ss-query.php","line":397}

Nov 17 2023 14:44:15
{"type":8192,"message":"Using ${var} in strings is deprecated, use {$var} instead","file":"C:\\xampp\\htdocs\\yonweb\\wp-content\\plugins\\simply-static\\src\\class-ss-query.php","line":397}

Nov 17 2023 14:44:15
{"type":8192,"message":"Using ${var} in strings is deprecated, use {$var} instead","file":"C:\\xampp\\htdocs\\yonweb\\wp-content\\plugins\\simply-static\\src\\class-ss-query.php","line":397}

Nov 17 2023 14:44:16
{"type":8192,"message":"Using ${var} in strings is deprecated, use {$var} instead","file":"C:\\xampp\\htdocs\\yonweb\\wp-content\\plugins\\simply-static\\src\\class-ss-query.php","line":397}

Nov 17 2023 14:44:17
{"type":8192,"message":"Using ${var} in strings is deprecated, use {$var} instead","file":"C:\\xampp\\htdocs\\yonweb\\wp-content\\plugins\\simply-static\\src\\class-ss-query.php","line":397}

Nov 17 2023 14:44:17
{"type":8192,"message":"Using ${var} in strings is deprecated, use {$var} instead","file":"C:\\xampp\\htdocs\\yonweb\\wp-content\\plugins\\simply-static\\src\\class-ss-query.php","line":397}

Nov 17 2023 14:44:18
{"type":8192,"message":"Using ${var} in strings is deprecated, use {$var} instead","file":"C:\\xampp\\htdocs\\yonweb\\wp-content\\plugins\\simply-static\\src\\class-ss-query.php","line":397}

Nov 17 2023 14:44:19
{"type":8192,"message":"Using ${var} in strings is deprecated, use {$var} instead","file":"C:\\xampp\\htdocs\\yonweb\\wp-content\\plugins\\simply-static\\src\\class-ss-query.php","line":397}

Nov 17 2023 14:44:19
{"type":8192,"message":"Using ${var} in strings is deprecated, use {$var} instead","file":"C:\\xampp\\htdocs\\yonweb\\wp-content\\plugins\\simply-static\\src\\class-ss-query.php","line":397}

Nov 17 2023 14:44:20
{"type":8192,"message":"Using ${var} in strings is deprecated, use {$var} instead","file":"C:\\xampp\\htdocs\\yonweb\\wp-content\\plugins\\simply-static\\src\\class-ss-query.php","line":397}

Nov 17 2023 14:44:21
{"type":8192,"message":"Using ${var} in strings is deprecated, use {$var} instead","file":"C:\\xampp\\htdocs\\yonweb\\wp-content\\plugins\\simply-static\\src\\class-ss-query.php","line":397}

Nov 17 2023 14:44:22
{"type":8192,"message":"Using ${var} in strings is deprecated, use {$var} instead","file":"C:\\xampp\\htdocs\\yonweb\\wp-content\\plugins\\simply-static\\src\\class-ss-query.php","line":397}

Nov 17 2023 14:44:22
{"type":8192,"message":"Using ${var} in strings is deprecated, use {$var} instead","file":"C:\\xampp\\htdocs\\yonweb\\wp-content\\plugins\\simply-static\\src\\class-ss-query.php","line":397}

Nov 17 2023 14:44:23
{"type":8192,"message":"Using ${var} in strings is deprecated, use {$var} instead","file":"C:\\xampp\\htdocs\\yonweb\\wp-content\\plugins\\simply-static\\src\\class-ss-query.php","line":397}

Nov 17 2023 14:44:24
{"type":8192,"message":"Using ${var} in strings is deprecated, use {$var} instead","file":"C:\\xampp\\htdocs\\yonweb\\wp-content\\plugins\\simply-static\\src\\class-ss-query.php","line":397}

Nov 17 2023 14:44:25
{"type":8192,"message":"Using ${var} in strings is deprecated, use {$var} instead","file":"C:\\xampp\\htdocs\\yonweb\\wp-content\\plugins\\simply-static\\src\\class-ss-query.php","line":397}

Nov 17 2023 14:44:26
{"type":8192,"message":"Using ${var} in strings is deprecated, use {$var} instead","file":"C:\\xampp\\htdocs\\yonweb\\wp-content\\plugins\\simply-static\\src\\class-ss-query.php","line":397}

Nov 17 2023 14:44:26
{"type":8192,"message":"Using ${var} in strings is deprecated, use {$var} instead","file":"C:\\xampp\\htdocs\\yonweb\\wp-content\\plugins\\simply-static\\src\\class-ss-query.php","line":397}

Nov 17 2023 14:44:27
{"type":8192,"message":"Using ${var} in strings is deprecated, use {$var} instead","file":"C:\\xampp\\htdocs\\yonweb\\wp-content\\plugins\\simply-static\\src\\class-ss-query.php","line":397}

Nov 17 2023 14:44:29
{"type":8192,"message":"Using ${var} in strings is deprecated, use {$var} instead","file":"C:\\xampp\\htdocs\\yonweb\\wp-content\\plugins\\simply-static\\src\\class-ss-query.php","line":397}

Nov 17 2023 14:44:30
{"type":8192,"message":"Using ${var} in strings is deprecated, use {$var} instead","file":"C:\\xampp\\htdocs\\yonweb\\wp-content\\plugins\\simply-static\\src\\class-ss-query.php","line":397}

Nov 17 2023 14:44:36
{"type":8192,"message":"Using ${var} in strings is deprecated, use {$var} instead","file":"C:\\xampp\\htdocs\\yonweb\\wp-content\\plugins\\simply-static\\src\\class-ss-query.php","line":397}

Nov 17 2023 14:44:37
{"type":8192,"message":"Using ${var} in strings is deprecated, use {$var} instead","file":"C:\\xampp\\htdocs\\yonweb\\wp-content\\plugins\\simply-static\\src\\class-ss-query.php","line":397}

Nov 17 2023 14:44:48
{"type":8192,"message":"Using ${var} in strings is deprecated, use {$var} instead","file":"C:\\xampp\\htdocs\\yonweb\\wp-content\\plugins\\simply-static\\src\\class-ss-query.php","line":397}

Nov 17 2023 14:45:00
{"type":8192,"message":"Using ${var} in strings is deprecated, use {$var} instead","file":"C:\\xampp\\htdocs\\yonweb\\wp-content\\plugins\\simply-static\\src\\class-ss-query.php","line":397}

Nov 17 2023 14:45:11
{"type":8192,"message":"Using ${var} in strings is deprecated, use {$var} instead","file":"C:\\xampp\\htdocs\\yonweb\\wp-content\\plugins\\simply-static\\src\\class-ss-query.php","line":397}

Nov 17 2023 14:45:22
{"type":8192,"message":"Using ${var} in strings is deprecated, use {$var} instead","file":"C:\\xampp\\htdocs\\yonweb\\wp-content\\plugins\\simply-static\\src\\class-ss-query.php","line":397}

Nov 17 2023 14:45:33
{"type":8192,"message":"Using ${var} in strings is deprecated, use {$var} instead","file":"C:\\xampp\\htdocs\\yonweb\\wp-content\\plugins\\simply-static\\src\\class-ss-query.php","line":397}

Nov 17 2023 14:45:44
{"type":8192,"message":"Using ${var} in strings is deprecated, use {$var} instead","file":"C:\\xampp\\htdocs\\yonweb\\wp-content\\plugins\\simply-static\\src\\class-ss-query.php","line":397}

Nov 17 2023 14:45:55
{"type":8192,"message":"Using ${var} in strings is deprecated, use {$var} instead","file":"C:\\xampp\\htdocs\\yonweb\\wp-content\\plugins\\simply-static\\src\\class-ss-query.php","line":397}

Nov 17 2023 14:45:58
{"type":8192,"message":"Using ${var} in strings is deprecated, use {$var} instead","file":"C:\\xampp\\htdocs\\yonweb\\wp-content\\plugins\\simply-static\\src\\class-ss-query.php","line":397}

Nov 17 2023 14:45:59
{"type":8192,"message":"Using ${var} in strings is deprecated, use {$var} instead","file":"C:\\xampp\\htdocs\\yonweb\\wp-content\\plugins\\simply-static\\src\\class-ss-query.php","line":397}

Nov 17 2023 14:46:00
{"Number":8192,"Message":"Creation of dynamic property Ai1wm_Database_Mysqli::$old_replace_raw_values is deprecated","File":"C:\\xampp\\htdocs\\yonweb\\wp-content\\plugins\\all-in-one-wp-migration\\lib\\vendor\\servmask\\database\\class-ai1wm-database.php","Line":300}

Nov 17 2023 14:46:00
{"Number":8192,"Message":"Creation of dynamic property Ai1wm_Database_Mysqli::$new_replace_raw_values is deprecated","File":"C:\\xampp\\htdocs\\yonweb\\wp-content\\plugins\\all-in-one-wp-migration\\lib\\vendor\\servmask\\database\\class-ai1wm-database.php","Line":321}

Nov 17 2023 14:46:11
{"type":8192,"message":"Using ${var} in strings is deprecated, use {$var} instead","file":"C:\\xampp\\htdocs\\yonweb\\wp-content\\plugins\\simply-static\\src\\class-ss-query.php","line":397}

Nov 17 2023 14:46:12
{"Number":8192,"Message":"Creation of dynamic property Ai1wm_Database_Mysqli::$old_replace_raw_values is deprecated","File":"C:\\xampp\\htdocs\\yonweb\\wp-content\\plugins\\all-in-one-wp-migration\\lib\\vendor\\servmask\\database\\class-ai1wm-database.php","Line":300}

Nov 17 2023 14:46:12
{"Number":8192,"Message":"Creation of dynamic property Ai1wm_Database_Mysqli::$new_replace_raw_values is deprecated","File":"C:\\xampp\\htdocs\\yonweb\\wp-content\\plugins\\all-in-one-wp-migration\\lib\\vendor\\servmask\\database\\class-ai1wm-database.php","Line":321}

Nov 17 2023 14:46:22
{"type":8192,"message":"Return type of Ai1wm_Recursive_Newline_Filter::accept() should either be compatible with FilterIterator::accept(): bool, or the #[\\ReturnTypeWillChange] attribute should be used to temporarily suppress the notice","file":"C:\\xampp\\htdocs\\yonweb\\wp-content\\plugins\\all-in-one-wp-migration\\lib\\vendor\\servmask\\filter\\class-ai1wm-recursive-newline-filter.php","line":28}

Nov 17 2023 14:46:23
{"Number":8192,"Message":"Creation of dynamic property Ai1wm_Database_Mysqli::$old_replace_raw_values is deprecated","File":"C:\\xampp\\htdocs\\yonweb\\wp-content\\plugins\\all-in-one-wp-migration\\lib\\vendor\\servmask\\database\\class-ai1wm-database.php","Line":300}

Nov 17 2023 14:46:23
{"Number":8192,"Message":"Creation of dynamic property Ai1wm_Database_Mysqli::$new_replace_raw_values is deprecated","File":"C:\\xampp\\htdocs\\yonweb\\wp-content\\plugins\\all-in-one-wp-migration\\lib\\vendor\\servmask\\database\\class-ai1wm-database.php","Line":321}

Nov 17 2023 14:46:34
{"type":8192,"message":"Return type of Ai1wm_Recursive_Newline_Filter::accept() should either be compatible with FilterIterator::accept(): bool, or the #[\\ReturnTypeWillChange] attribute should be used to temporarily suppress the notice","file":"C:\\xampp\\htdocs\\yonweb\\wp-content\\plugins\\all-in-one-wp-migration\\lib\\vendor\\servmask\\filter\\class-ai1wm-recursive-newline-filter.php","line":28}

Nov 17 2023 14:46:34
{"Number":8192,"Message":"Creation of dynamic property Ai1wm_Database_Mysqli::$old_replace_raw_values is deprecated","File":"C:\\xampp\\htdocs\\yonweb\\wp-content\\plugins\\all-in-one-wp-migration\\lib\\vendor\\servmask\\database\\class-ai1wm-database.php","Line":300}

Nov 17 2023 14:46:34
{"Number":8192,"Message":"Creation of dynamic property Ai1wm_Database_Mysqli::$new_replace_raw_values is deprecated","File":"C:\\xampp\\htdocs\\yonweb\\wp-content\\plugins\\all-in-one-wp-migration\\lib\\vendor\\servmask\\database\\class-ai1wm-database.php","Line":321}

Nov 17 2023 14:46:35
{"type":8192,"message":"Return type of Ai1wm_Recursive_Newline_Filter::accept() should either be compatible with FilterIterator::accept(): bool, or the #[\\ReturnTypeWillChange] attribute should be used to temporarily suppress the notice","file":"C:\\xampp\\htdocs\\yonweb\\wp-content\\plugins\\all-in-one-wp-migration\\lib\\vendor\\servmask\\filter\\class-ai1wm-recursive-newline-filter.php","line":28}

Nov 17 2023 14:46:36
{"type":8192,"message":"Return type of Ai1wm_Recursive_Newline_Filter::accept() should either be compatible with FilterIterator::accept(): bool, or the #[\\ReturnTypeWillChange] attribute should be used to temporarily suppress the notice","file":"C:\\xampp\\htdocs\\yonweb\\wp-content\\plugins\\all-in-one-wp-migration\\lib\\vendor\\servmask\\filter\\class-ai1wm-recursive-newline-filter.php","line":28}

Nov 17 2023 14:46:39
{"type":8192,"message":"Using ${var} in strings is deprecated, use {$var} instead","file":"C:\\xampp\\htdocs\\yonweb\\wp-content\\plugins\\wpforms-lite\\vendor\\woocommerce\\action-scheduler\\classes\\schema\\ActionScheduler_LoggerSchema.php","line":83}

